2023-05-03 08:50:22,049:WARNING:
'cuml' is a soft dependency and not included in the pycaret installation. Please run: `pip install cuml` to install.
2023-05-03 08:50:22,049:WARNING:
'cuml' is a soft dependency and not included in the pycaret installation. Please run: `pip install cuml` to install.
2023-05-03 08:50:22,049:WARNING:
'cuml' is a soft dependency and not included in the pycaret installation. Please run: `pip install cuml` to install.
2023-05-03 08:50:22,049:WARNING:
'cuml' is a soft dependency and not included in the pycaret installation. Please run: `pip install cuml` to install.
2023-05-03 08:50:22,826:WARNING:
'prophet' is a soft dependency and not included in the pycaret installation. Please run: `pip install prophet` to install.
2023-05-03 08:50:23,609:INFO:PyCaret RegressionExperiment
2023-05-03 08:50:23,609:INFO:Logging name: reg-default-name
2023-05-03 08:50:23,609:INFO:ML Usecase: MLUsecase.REGRESSION
2023-05-03 08:50:23,609:INFO:version 3.0.0
2023-05-03 08:50:23,609:INFO:Initializing setup()
2023-05-03 08:50:23,609:INFO:self.USI: 911d
2023-05-03 08:50:23,609:INFO:self._variable_keys: {'seed', 'fold_shuffle_param', 'gpu_n_jobs_param', 'transform_target_param', 'fold_groups_param', 'log_plots_param', 'gpu_param', 'data', 'y_train', 'X', 'n_jobs_param', 'X_test', 'X_train', 'y_test', '_available_plots', 'html_param', 'target_param', 'exp_name_log', 'exp_id', 'y', 'pipeline', 'memory', 'logging_param', 'USI', 'fold_generator', 'idx', '_ml_usecase'}
2023-05-03 08:50:23,609:INFO:Checking environment
2023-05-03 08:50:23,609:INFO:python_version: 3.8.16
2023-05-03 08:50:23,609:INFO:python_build: ('default', 'Mar  2 2023 03:18:16')
2023-05-03 08:50:23,609:INFO:machine: AMD64
2023-05-03 08:50:23,609:INFO:platform: Windows-10-10.0.18363-SP0
2023-05-03 08:50:23,617:INFO:Memory: svmem(total=34087833600, available=17154088960, percent=49.7, used=16933744640, free=17154088960)
2023-05-03 08:50:23,617:INFO:Physical Core: 8
2023-05-03 08:50:23,617:INFO:Logical Core: 16
2023-05-03 08:50:23,617:INFO:Checking libraries
2023-05-03 08:50:23,617:INFO:System:
2023-05-03 08:50:23,617:INFO:    python: 3.8.16 (default, Mar  2 2023, 03:18:16) [MSC v.1916 64 bit (AMD64)]
2023-05-03 08:50:23,617:INFO:executable: c:\Users\Sherman\Anaconda3\envs\PyCaret\python.exe
2023-05-03 08:50:23,617:INFO:   machine: Windows-10-10.0.18363-SP0
2023-05-03 08:50:23,617:INFO:PyCaret required dependencies:
2023-05-03 08:50:23,617:INFO:                 pip: 23.0.1
2023-05-03 08:50:23,618:INFO:          setuptools: 65.6.3
2023-05-03 08:50:23,618:INFO:             pycaret: 3.0.0
2023-05-03 08:50:23,618:INFO:             IPython: 8.12.0
2023-05-03 08:50:23,618:INFO:          ipywidgets: 8.0.6
2023-05-03 08:50:23,618:INFO:                tqdm: 4.65.0
2023-05-03 08:50:23,618:INFO:               numpy: 1.23.5
2023-05-03 08:50:23,618:INFO:              pandas: 1.5.3
2023-05-03 08:50:23,618:INFO:              jinja2: 3.1.2
2023-05-03 08:50:23,618:INFO:               scipy: 1.10.1
2023-05-03 08:50:23,618:INFO:              joblib: 1.2.0
2023-05-03 08:50:23,618:INFO:             sklearn: 1.2.2
2023-05-03 08:50:23,618:INFO:                pyod: 1.0.9
2023-05-03 08:50:23,618:INFO:            imblearn: 0.10.1
2023-05-03 08:50:23,618:INFO:   category_encoders: 2.6.0
2023-05-03 08:50:23,618:INFO:            lightgbm: 3.3.5
2023-05-03 08:50:23,618:INFO:               numba: 0.56.4
2023-05-03 08:50:23,618:INFO:            requests: 2.28.2
2023-05-03 08:50:23,618:INFO:          matplotlib: 3.7.1
2023-05-03 08:50:23,618:INFO:          scikitplot: 0.3.7
2023-05-03 08:50:23,619:INFO:         yellowbrick: 1.5
2023-05-03 08:50:23,619:INFO:              plotly: 5.14.0
2023-05-03 08:50:23,619:INFO:             kaleido: 0.2.1
2023-05-03 08:50:23,619:INFO:         statsmodels: 0.13.5
2023-05-03 08:50:23,619:INFO:              sktime: 0.16.1
2023-05-03 08:50:23,619:INFO:               tbats: 1.1.2
2023-05-03 08:50:23,619:INFO:            pmdarima: 2.0.3
2023-05-03 08:50:23,619:INFO:              psutil: 5.9.4
2023-05-03 08:50:23,619:INFO:PyCaret optional dependencies:
2023-05-03 08:50:23,638:INFO:                shap: Not installed
2023-05-03 08:50:23,638:INFO:           interpret: Not installed
2023-05-03 08:50:23,638:INFO:                umap: Not installed
2023-05-03 08:50:23,638:INFO:    pandas_profiling: Not installed
2023-05-03 08:50:23,638:INFO:  explainerdashboard: Not installed
2023-05-03 08:50:23,638:INFO:             autoviz: Not installed
2023-05-03 08:50:23,638:INFO:           fairlearn: Not installed
2023-05-03 08:50:23,638:INFO:             xgboost: Not installed
2023-05-03 08:50:23,638:INFO:            catboost: Not installed
2023-05-03 08:50:23,638:INFO:              kmodes: Not installed
2023-05-03 08:50:23,638:INFO:             mlxtend: Not installed
2023-05-03 08:50:23,639:INFO:       statsforecast: Not installed
2023-05-03 08:50:23,639:INFO:        tune_sklearn: Not installed
2023-05-03 08:50:23,639:INFO:                 ray: Not installed
2023-05-03 08:50:23,639:INFO:            hyperopt: Not installed
2023-05-03 08:50:23,639:INFO:              optuna: Not installed
2023-05-03 08:50:23,639:INFO:               skopt: Not installed
2023-05-03 08:50:23,639:INFO:              mlflow: Not installed
2023-05-03 08:50:23,639:INFO:              gradio: Not installed
2023-05-03 08:50:23,639:INFO:             fastapi: Not installed
2023-05-03 08:50:23,639:INFO:             uvicorn: Not installed
2023-05-03 08:50:23,639:INFO:              m2cgen: Not installed
2023-05-03 08:50:23,639:INFO:           evidently: Not installed
2023-05-03 08:50:23,639:INFO:               fugue: Not installed
2023-05-03 08:50:23,639:INFO:           streamlit: Not installed
2023-05-03 08:50:23,639:INFO:             prophet: Not installed
2023-05-03 08:50:23,639:INFO:None
2023-05-03 08:50:23,639:INFO:Set up GPU usage.
2023-05-03 08:50:23,639:WARNING:
'cuml' is a soft dependency and not included in the pycaret installation. Please run: `pip install cuml` to install.
2023-05-03 08:50:23,639:WARNING:cuML is outdated or not found. Required version is >=22.10, got 3.0.0
2023-05-03 08:50:23,639:INFO:Set up data.
2023-05-03 08:50:23,910:INFO:Set up train/test split.
2023-05-03 08:50:24,001:INFO:Set up index.
2023-05-03 08:50:24,004:INFO:Set up folding strategy.
2023-05-03 08:50:24,004:INFO:Assigning column types.
2023-05-03 08:50:24,023:INFO:Engine successfully changes for model 'lr' to 'sklearn'.
2023-05-03 08:50:24,023:WARNING:
'cuml' is a soft dependency and not included in the pycaret installation. Please run: `pip install cuml` to install.
2023-05-03 08:50:24,024:INFO:Engine for model 'lasso' has not been set explicitly, hence returning None.
2023-05-03 08:50:24,024:WARNING:
'cuml' is a soft dependency and not included in the pycaret installation. Please run: `pip install cuml` to install.
2023-05-03 08:50:24,028:INFO:Engine for model 'ridge' has not been set explicitly, hence returning None.
2023-05-03 08:50:24,028:WARNING:
'cuml' is a soft dependency and not included in the pycaret installation. Please run: `pip install cuml` to install.
2023-05-03 08:50:24,033:INFO:Engine for model 'en' has not been set explicitly, hence returning None.
2023-05-03 08:50:24,033:WARNING:
'cuml' is a soft dependency and not included in the pycaret installation. Please run: `pip install cuml` to install.
2023-05-03 08:50:24,246:INFO:Engine for model 'svm' has not been set explicitly, hence returning None.
2023-05-03 08:50:24,246:WARNING:
'cuml' is a soft dependency and not included in the pycaret installation. Please run: `pip install cuml` to install.
2023-05-03 08:50:24,291:INFO:Engine for model 'knn' has not been set explicitly, hence returning None.
2023-05-03 08:50:24,291:WARNING:
'cuml' is a soft dependency and not included in the pycaret installation. Please run: `pip install cuml` to install.
2023-05-03 08:50:24,291:WARNING:
'cuml' is a soft dependency and not included in the pycaret installation. Please run: `pip install cuml` to install.
2023-05-03 08:50:24,292:WARNING:
'xgboost' is a soft dependency and not included in the pycaret installation. Please run: `pip install xgboost` to install.
Alternately, you can install this by running `pip install pycaret[models]`
2023-05-03 08:50:25,338:WARNING:
'catboost' is a soft dependency and not included in the pycaret installation. Please run: `pip install catboost` to install.
Alternately, you can install this by running `pip install pycaret[models]`
2023-05-03 08:50:25,339:WARNING:
'cuml' is a soft dependency and not included in the pycaret installation. Please run: `pip install cuml` to install.
2023-05-03 08:50:25,339:INFO:Engine for model 'lasso' has not been set explicitly, hence returning None.
2023-05-03 08:50:25,339:WARNING:
'cuml' is a soft dependency and not included in the pycaret installation. Please run: `pip install cuml` to install.
2023-05-03 08:50:25,347:INFO:Engine for model 'ridge' has not been set explicitly, hence returning None.
2023-05-03 08:50:25,347:WARNING:
'cuml' is a soft dependency and not included in the pycaret installation. Please run: `pip install cuml` to install.
2023-05-03 08:50:25,355:INFO:Engine for model 'en' has not been set explicitly, hence returning None.
2023-05-03 08:50:25,355:WARNING:
'cuml' is a soft dependency and not included in the pycaret installation. Please run: `pip install cuml` to install.
2023-05-03 08:50:25,581:INFO:Engine for model 'svm' has not been set explicitly, hence returning None.
2023-05-03 08:50:25,581:WARNING:
'cuml' is a soft dependency and not included in the pycaret installation. Please run: `pip install cuml` to install.
2023-05-03 08:50:25,625:INFO:Engine for model 'knn' has not been set explicitly, hence returning None.
2023-05-03 08:50:25,625:WARNING:
'cuml' is a soft dependency and not included in the pycaret installation. Please run: `pip install cuml` to install.
2023-05-03 08:50:25,626:WARNING:
'cuml' is a soft dependency and not included in the pycaret installation. Please run: `pip install cuml` to install.
2023-05-03 08:50:25,626:WARNING:
'xgboost' is a soft dependency and not included in the pycaret installation. Please run: `pip install xgboost` to install.
Alternately, you can install this by running `pip install pycaret[models]`
2023-05-03 08:50:25,791:WARNING:
'catboost' is a soft dependency and not included in the pycaret installation. Please run: `pip install catboost` to install.
Alternately, you can install this by running `pip install pycaret[models]`
2023-05-03 08:50:25,791:INFO:Engine successfully changes for model 'lasso' to 'sklearn'.
2023-05-03 08:50:25,791:WARNING:
'cuml' is a soft dependency and not included in the pycaret installation. Please run: `pip install cuml` to install.
2023-05-03 08:50:25,792:WARNING:
'cuml' is a soft dependency and not included in the pycaret installation. Please run: `pip install cuml` to install.
2023-05-03 08:50:25,800:INFO:Engine for model 'ridge' has not been set explicitly, hence returning None.
2023-05-03 08:50:25,800:WARNING:
'cuml' is a soft dependency and not included in the pycaret installation. Please run: `pip install cuml` to install.
2023-05-03 08:50:25,809:INFO:Engine for model 'en' has not been set explicitly, hence returning None.
2023-05-03 08:50:25,809:WARNING:
'cuml' is a soft dependency and not included in the pycaret installation. Please run: `pip install cuml` to install.
2023-05-03 08:50:26,042:INFO:Engine for model 'svm' has not been set explicitly, hence returning None.
2023-05-03 08:50:26,042:WARNING:
'cuml' is a soft dependency and not included in the pycaret installation. Please run: `pip install cuml` to install.
2023-05-03 08:50:26,086:INFO:Engine for model 'knn' has not been set explicitly, hence returning None.
2023-05-03 08:50:26,086:WARNING:
'cuml' is a soft dependency and not included in the pycaret installation. Please run: `pip install cuml` to install.
2023-05-03 08:50:26,086:WARNING:
'cuml' is a soft dependency and not included in the pycaret installation. Please run: `pip install cuml` to install.
2023-05-03 08:50:26,087:WARNING:
'xgboost' is a soft dependency and not included in the pycaret installation. Please run: `pip install xgboost` to install.
Alternately, you can install this by running `pip install pycaret[models]`
2023-05-03 08:50:26,250:WARNING:
'catboost' is a soft dependency and not included in the pycaret installation. Please run: `pip install catboost` to install.
Alternately, you can install this by running `pip install pycaret[models]`
2023-05-03 08:50:26,251:WARNING:
'cuml' is a soft dependency and not included in the pycaret installation. Please run: `pip install cuml` to install.
2023-05-03 08:50:26,251:WARNING:
'cuml' is a soft dependency and not included in the pycaret installation. Please run: `pip install cuml` to install.
2023-05-03 08:50:26,260:INFO:Engine for model 'ridge' has not been set explicitly, hence returning None.
2023-05-03 08:50:26,261:WARNING:
'cuml' is a soft dependency and not included in the pycaret installation. Please run: `pip install cuml` to install.
2023-05-03 08:50:26,269:INFO:Engine for model 'en' has not been set explicitly, hence returning None.
2023-05-03 08:50:26,269:WARNING:
'cuml' is a soft dependency and not included in the pycaret installation. Please run: `pip install cuml` to install.
2023-05-03 08:50:26,504:INFO:Engine for model 'svm' has not been set explicitly, hence returning None.
2023-05-03 08:50:26,505:WARNING:
'cuml' is a soft dependency and not included in the pycaret installation. Please run: `pip install cuml` to install.
2023-05-03 08:50:26,549:INFO:Engine for model 'knn' has not been set explicitly, hence returning None.
2023-05-03 08:50:26,549:WARNING:
'cuml' is a soft dependency and not included in the pycaret installation. Please run: `pip install cuml` to install.
2023-05-03 08:50:26,549:WARNING:
'cuml' is a soft dependency and not included in the pycaret installation. Please run: `pip install cuml` to install.
2023-05-03 08:50:26,550:WARNING:
'xgboost' is a soft dependency and not included in the pycaret installation. Please run: `pip install xgboost` to install.
Alternately, you can install this by running `pip install pycaret[models]`
2023-05-03 08:50:26,707:WARNING:
'catboost' is a soft dependency and not included in the pycaret installation. Please run: `pip install catboost` to install.
Alternately, you can install this by running `pip install pycaret[models]`
2023-05-03 08:50:26,707:INFO:Engine successfully changes for model 'ridge' to 'sklearn'.
2023-05-03 08:50:26,708:WARNING:
'cuml' is a soft dependency and not included in the pycaret installation. Please run: `pip install cuml` to install.
2023-05-03 08:50:26,708:WARNING:
'cuml' is a soft dependency and not included in the pycaret installation. Please run: `pip install cuml` to install.
2023-05-03 08:50:26,717:WARNING:
'cuml' is a soft dependency and not included in the pycaret installation. Please run: `pip install cuml` to install.
2023-05-03 08:50:26,727:INFO:Engine for model 'en' has not been set explicitly, hence returning None.
2023-05-03 08:50:26,727:WARNING:
'cuml' is a soft dependency and not included in the pycaret installation. Please run: `pip install cuml` to install.
2023-05-03 08:50:26,940:INFO:Engine for model 'svm' has not been set explicitly, hence returning None.
2023-05-03 08:50:26,940:WARNING:
'cuml' is a soft dependency and not included in the pycaret installation. Please run: `pip install cuml` to install.
2023-05-03 08:50:26,984:INFO:Engine for model 'knn' has not been set explicitly, hence returning None.
2023-05-03 08:50:26,984:WARNING:
'cuml' is a soft dependency and not included in the pycaret installation. Please run: `pip install cuml` to install.
2023-05-03 08:50:26,984:WARNING:
'cuml' is a soft dependency and not included in the pycaret installation. Please run: `pip install cuml` to install.
2023-05-03 08:50:26,985:WARNING:
'xgboost' is a soft dependency and not included in the pycaret installation. Please run: `pip install xgboost` to install.
Alternately, you can install this by running `pip install pycaret[models]`
2023-05-03 08:50:27,114:WARNING:
'catboost' is a soft dependency and not included in the pycaret installation. Please run: `pip install catboost` to install.
Alternately, you can install this by running `pip install pycaret[models]`
2023-05-03 08:50:27,115:WARNING:
'cuml' is a soft dependency and not included in the pycaret installation. Please run: `pip install cuml` to install.
2023-05-03 08:50:27,115:WARNING:
'cuml' is a soft dependency and not included in the pycaret installation. Please run: `pip install cuml` to install.
2023-05-03 08:50:27,123:WARNING:
'cuml' is a soft dependency and not included in the pycaret installation. Please run: `pip install cuml` to install.
2023-05-03 08:50:27,131:INFO:Engine for model 'en' has not been set explicitly, hence returning None.
2023-05-03 08:50:27,131:WARNING:
'cuml' is a soft dependency and not included in the pycaret installation. Please run: `pip install cuml` to install.
2023-05-03 08:50:27,338:INFO:Engine for model 'svm' has not been set explicitly, hence returning None.
2023-05-03 08:50:27,338:WARNING:
'cuml' is a soft dependency and not included in the pycaret installation. Please run: `pip install cuml` to install.
2023-05-03 08:50:27,385:INFO:Engine for model 'knn' has not been set explicitly, hence returning None.
2023-05-03 08:50:27,385:WARNING:
'cuml' is a soft dependency and not included in the pycaret installation. Please run: `pip install cuml` to install.
2023-05-03 08:50:27,385:WARNING:
'cuml' is a soft dependency and not included in the pycaret installation. Please run: `pip install cuml` to install.
2023-05-03 08:50:27,386:WARNING:
'xgboost' is a soft dependency and not included in the pycaret installation. Please run: `pip install xgboost` to install.
Alternately, you can install this by running `pip install pycaret[models]`
2023-05-03 08:50:27,533:WARNING:
'catboost' is a soft dependency and not included in the pycaret installation. Please run: `pip install catboost` to install.
Alternately, you can install this by running `pip install pycaret[models]`
2023-05-03 08:50:27,533:INFO:Engine successfully changes for model 'en' to 'sklearn'.
2023-05-03 08:50:27,533:WARNING:
'cuml' is a soft dependency and not included in the pycaret installation. Please run: `pip install cuml` to install.
2023-05-03 08:50:27,534:WARNING:
'cuml' is a soft dependency and not included in the pycaret installation. Please run: `pip install cuml` to install.
2023-05-03 08:50:27,542:WARNING:
'cuml' is a soft dependency and not included in the pycaret installation. Please run: `pip install cuml` to install.
2023-05-03 08:50:27,549:WARNING:
'cuml' is a soft dependency and not included in the pycaret installation. Please run: `pip install cuml` to install.
2023-05-03 08:50:27,765:INFO:Engine for model 'svm' has not been set explicitly, hence returning None.
2023-05-03 08:50:27,766:WARNING:
'cuml' is a soft dependency and not included in the pycaret installation. Please run: `pip install cuml` to install.
2023-05-03 08:50:27,810:INFO:Engine for model 'knn' has not been set explicitly, hence returning None.
2023-05-03 08:50:27,810:WARNING:
'cuml' is a soft dependency and not included in the pycaret installation. Please run: `pip install cuml` to install.
2023-05-03 08:50:27,811:WARNING:
'cuml' is a soft dependency and not included in the pycaret installation. Please run: `pip install cuml` to install.
2023-05-03 08:50:27,811:WARNING:
'xgboost' is a soft dependency and not included in the pycaret installation. Please run: `pip install xgboost` to install.
Alternately, you can install this by running `pip install pycaret[models]`
2023-05-03 08:50:27,967:WARNING:
'catboost' is a soft dependency and not included in the pycaret installation. Please run: `pip install catboost` to install.
Alternately, you can install this by running `pip install pycaret[models]`
2023-05-03 08:50:27,968:WARNING:
'cuml' is a soft dependency and not included in the pycaret installation. Please run: `pip install cuml` to install.
2023-05-03 08:50:27,968:WARNING:
'cuml' is a soft dependency and not included in the pycaret installation. Please run: `pip install cuml` to install.
2023-05-03 08:50:27,978:WARNING:
'cuml' is a soft dependency and not included in the pycaret installation. Please run: `pip install cuml` to install.
2023-05-03 08:50:27,986:WARNING:
'cuml' is a soft dependency and not included in the pycaret installation. Please run: `pip install cuml` to install.
2023-05-03 08:50:28,205:INFO:Engine for model 'svm' has not been set explicitly, hence returning None.
2023-05-03 08:50:28,205:WARNING:
'cuml' is a soft dependency and not included in the pycaret installation. Please run: `pip install cuml` to install.
2023-05-03 08:50:28,249:INFO:Engine for model 'knn' has not been set explicitly, hence returning None.
2023-05-03 08:50:28,249:WARNING:
'cuml' is a soft dependency and not included in the pycaret installation. Please run: `pip install cuml` to install.
2023-05-03 08:50:28,249:WARNING:
'cuml' is a soft dependency and not included in the pycaret installation. Please run: `pip install cuml` to install.
2023-05-03 08:50:28,250:WARNING:
'xgboost' is a soft dependency and not included in the pycaret installation. Please run: `pip install xgboost` to install.
Alternately, you can install this by running `pip install pycaret[models]`
2023-05-03 08:50:28,408:WARNING:
'catboost' is a soft dependency and not included in the pycaret installation. Please run: `pip install catboost` to install.
Alternately, you can install this by running `pip install pycaret[models]`
2023-05-03 08:50:28,408:INFO:Engine successfully changes for model 'knn' to 'sklearn'.
2023-05-03 08:50:28,408:WARNING:
'cuml' is a soft dependency and not included in the pycaret installation. Please run: `pip install cuml` to install.
2023-05-03 08:50:28,409:WARNING:
'cuml' is a soft dependency and not included in the pycaret installation. Please run: `pip install cuml` to install.
2023-05-03 08:50:28,417:WARNING:
'cuml' is a soft dependency and not included in the pycaret installation. Please run: `pip install cuml` to install.
2023-05-03 08:50:28,425:WARNING:
'cuml' is a soft dependency and not included in the pycaret installation. Please run: `pip install cuml` to install.
2023-05-03 08:50:28,649:INFO:Engine for model 'svm' has not been set explicitly, hence returning None.
2023-05-03 08:50:28,649:WARNING:
'cuml' is a soft dependency and not included in the pycaret installation. Please run: `pip install cuml` to install.
2023-05-03 08:50:28,694:WARNING:
'cuml' is a soft dependency and not included in the pycaret installation. Please run: `pip install cuml` to install.
2023-05-03 08:50:28,695:WARNING:
'cuml' is a soft dependency and not included in the pycaret installation. Please run: `pip install cuml` to install.
2023-05-03 08:50:28,695:WARNING:
'xgboost' is a soft dependency and not included in the pycaret installation. Please run: `pip install xgboost` to install.
Alternately, you can install this by running `pip install pycaret[models]`
2023-05-03 08:50:28,837:WARNING:
'catboost' is a soft dependency and not included in the pycaret installation. Please run: `pip install catboost` to install.
Alternately, you can install this by running `pip install pycaret[models]`
2023-05-03 08:50:28,838:WARNING:
'cuml' is a soft dependency and not included in the pycaret installation. Please run: `pip install cuml` to install.
2023-05-03 08:50:28,838:WARNING:
'cuml' is a soft dependency and not included in the pycaret installation. Please run: `pip install cuml` to install.
2023-05-03 08:50:28,846:WARNING:
'cuml' is a soft dependency and not included in the pycaret installation. Please run: `pip install cuml` to install.
2023-05-03 08:50:28,854:WARNING:
'cuml' is a soft dependency and not included in the pycaret installation. Please run: `pip install cuml` to install.
2023-05-03 08:50:29,076:INFO:Engine for model 'svm' has not been set explicitly, hence returning None.
2023-05-03 08:50:29,076:WARNING:
'cuml' is a soft dependency and not included in the pycaret installation. Please run: `pip install cuml` to install.
2023-05-03 08:50:29,120:WARNING:
'cuml' is a soft dependency and not included in the pycaret installation. Please run: `pip install cuml` to install.
2023-05-03 08:50:29,121:WARNING:
'cuml' is a soft dependency and not included in the pycaret installation. Please run: `pip install cuml` to install.
2023-05-03 08:50:29,121:WARNING:
'xgboost' is a soft dependency and not included in the pycaret installation. Please run: `pip install xgboost` to install.
Alternately, you can install this by running `pip install pycaret[models]`
2023-05-03 08:50:29,270:WARNING:
'catboost' is a soft dependency and not included in the pycaret installation. Please run: `pip install catboost` to install.
Alternately, you can install this by running `pip install pycaret[models]`
2023-05-03 08:50:29,271:INFO:Engine successfully changes for model 'svm' to 'sklearn'.
2023-05-03 08:50:29,271:WARNING:
'cuml' is a soft dependency and not included in the pycaret installation. Please run: `pip install cuml` to install.
2023-05-03 08:50:29,271:WARNING:
'cuml' is a soft dependency and not included in the pycaret installation. Please run: `pip install cuml` to install.
2023-05-03 08:50:29,279:WARNING:
'cuml' is a soft dependency and not included in the pycaret installation. Please run: `pip install cuml` to install.
2023-05-03 08:50:29,287:WARNING:
'cuml' is a soft dependency and not included in the pycaret installation. Please run: `pip install cuml` to install.
2023-05-03 08:50:29,513:WARNING:
'cuml' is a soft dependency and not included in the pycaret installation. Please run: `pip install cuml` to install.
2023-05-03 08:50:29,559:WARNING:
'cuml' is a soft dependency and not included in the pycaret installation. Please run: `pip install cuml` to install.
2023-05-03 08:50:29,559:WARNING:
'cuml' is a soft dependency and not included in the pycaret installation. Please run: `pip install cuml` to install.
2023-05-03 08:50:29,560:WARNING:
'xgboost' is a soft dependency and not included in the pycaret installation. Please run: `pip install xgboost` to install.
Alternately, you can install this by running `pip install pycaret[models]`
2023-05-03 08:50:29,713:WARNING:
'catboost' is a soft dependency and not included in the pycaret installation. Please run: `pip install catboost` to install.
Alternately, you can install this by running `pip install pycaret[models]`
2023-05-03 08:50:29,713:WARNING:
'cuml' is a soft dependency and not included in the pycaret installation. Please run: `pip install cuml` to install.
2023-05-03 08:50:29,713:WARNING:
'cuml' is a soft dependency and not included in the pycaret installation. Please run: `pip install cuml` to install.
2023-05-03 08:50:29,721:WARNING:
'cuml' is a soft dependency and not included in the pycaret installation. Please run: `pip install cuml` to install.
2023-05-03 08:50:29,729:WARNING:
'cuml' is a soft dependency and not included in the pycaret installation. Please run: `pip install cuml` to install.
2023-05-03 08:50:29,952:WARNING:
'cuml' is a soft dependency and not included in the pycaret installation. Please run: `pip install cuml` to install.
2023-05-03 08:50:29,998:WARNING:
'cuml' is a soft dependency and not included in the pycaret installation. Please run: `pip install cuml` to install.
2023-05-03 08:50:29,999:WARNING:
'cuml' is a soft dependency and not included in the pycaret installation. Please run: `pip install cuml` to install.
2023-05-03 08:50:29,999:WARNING:
'xgboost' is a soft dependency and not included in the pycaret installation. Please run: `pip install xgboost` to install.
Alternately, you can install this by running `pip install pycaret[models]`
2023-05-03 08:50:30,126:WARNING:
'catboost' is a soft dependency and not included in the pycaret installation. Please run: `pip install catboost` to install.
Alternately, you can install this by running `pip install pycaret[models]`
2023-05-03 08:50:30,130:INFO:Preparing preprocessing pipeline...
2023-05-03 08:50:30,130:INFO:Set up simple imputation.
2023-05-03 08:50:30,256:INFO:Set up encoding of ordinal features.
2023-05-03 08:50:30,270:INFO:Set up encoding of categorical features.
2023-05-03 08:50:30,271:INFO:Set up feature normalization.
2023-05-03 08:50:34,309:INFO:Finished creating preprocessing pipeline.
2023-05-03 08:50:34,337:INFO:Pipeline: Pipeline(memory=FastMemory(location=C:\Users\Sherman\AppData\Local\Temp\joblib),
         steps=[('numerical_imputer',
                 TransformerWrapper(include=['Fullness'],
                                    transformer=SimpleImputer())),
                ('categorical_imputer',
                 TransformerWrapper(include=['Station', 'Material', 'Vehicle'],
                                    transformer=SimpleImputer(strategy='most_frequent'))),
                ('ordinal_encoding',
                 TransformerWrap...
                 TransformerWrapper(include=['Material'],
                                    transformer=OneHotEncoder(cols=['Material'],
                                                              handle_missing='return_nan',
                                                              use_cat_names=True))),
                ('rest_encoding',
                 TransformerWrapper(include=['Vehicle'],
                                    transformer=LeaveOneOutEncoder(cols=['Vehicle'],
                                                                   handle_missing='return_nan',
                                                                   random_state=7512))),
                ('normalize',
                 TransformerWrapper(transformer=StandardScaler()))])
2023-05-03 08:50:34,337:INFO:Creating final display dataframe.
2023-05-03 08:50:37,514:INFO:Setup _display_container:                     Description             Value
0                    Session id              7512
1                        Target              Tons
2                   Target type        Regression
3           Original data shape       (923207, 5)
4        Transformed data shape       (923207, 9)
5   Transformed train set shape       (646244, 9)
6    Transformed test set shape       (276963, 9)
7              Ordinal features                 1
8              Numeric features                 1
9          Categorical features                 3
10                   Preprocess              True
11              Imputation type            simple
12           Numeric imputation              mean
13       Categorical imputation              mode
14     Maximum one-hot encoding                25
15              Encoding method              None
16                    Normalize              True
17             Normalize method            zscore
18               Fold Generator             KFold
19                  Fold Number                10
20                     CPU Jobs                -1
21                      Use GPU              True
22               Log Experiment             False
23              Experiment Name  reg-default-name
24                          USI              911d
2023-05-03 08:50:37,524:WARNING:
'cuml' is a soft dependency and not included in the pycaret installation. Please run: `pip install cuml` to install.
2023-05-03 08:50:37,524:WARNING:
'cuml' is a soft dependency and not included in the pycaret installation. Please run: `pip install cuml` to install.
2023-05-03 08:50:37,529:WARNING:
'cuml' is a soft dependency and not included in the pycaret installation. Please run: `pip install cuml` to install.
2023-05-03 08:50:37,533:WARNING:
'cuml' is a soft dependency and not included in the pycaret installation. Please run: `pip install cuml` to install.
2023-05-03 08:50:37,711:WARNING:
'cuml' is a soft dependency and not included in the pycaret installation. Please run: `pip install cuml` to install.
2023-05-03 08:50:37,755:WARNING:
'cuml' is a soft dependency and not included in the pycaret installation. Please run: `pip install cuml` to install.
2023-05-03 08:50:37,756:WARNING:
'cuml' is a soft dependency and not included in the pycaret installation. Please run: `pip install cuml` to install.
2023-05-03 08:50:37,756:WARNING:
'xgboost' is a soft dependency and not included in the pycaret installation. Please run: `pip install xgboost` to install.
Alternately, you can install this by running `pip install pycaret[models]`
2023-05-03 08:50:37,902:WARNING:
'catboost' is a soft dependency and not included in the pycaret installation. Please run: `pip install catboost` to install.
Alternately, you can install this by running `pip install pycaret[models]`
2023-05-03 08:50:37,903:WARNING:
'cuml' is a soft dependency and not included in the pycaret installation. Please run: `pip install cuml` to install.
2023-05-03 08:50:37,903:WARNING:
'cuml' is a soft dependency and not included in the pycaret installation. Please run: `pip install cuml` to install.
2023-05-03 08:50:37,911:WARNING:
'cuml' is a soft dependency and not included in the pycaret installation. Please run: `pip install cuml` to install.
2023-05-03 08:50:37,919:WARNING:
'cuml' is a soft dependency and not included in the pycaret installation. Please run: `pip install cuml` to install.
2023-05-03 08:50:38,128:WARNING:
'cuml' is a soft dependency and not included in the pycaret installation. Please run: `pip install cuml` to install.
2023-05-03 08:50:38,174:WARNING:
'cuml' is a soft dependency and not included in the pycaret installation. Please run: `pip install cuml` to install.
2023-05-03 08:50:38,174:WARNING:
'cuml' is a soft dependency and not included in the pycaret installation. Please run: `pip install cuml` to install.
2023-05-03 08:50:38,174:WARNING:
'xgboost' is a soft dependency and not included in the pycaret installation. Please run: `pip install xgboost` to install.
Alternately, you can install this by running `pip install pycaret[models]`
2023-05-03 08:50:38,322:WARNING:
'catboost' is a soft dependency and not included in the pycaret installation. Please run: `pip install catboost` to install.
Alternately, you can install this by running `pip install pycaret[models]`
2023-05-03 08:50:38,323:INFO:setup() successfully completed in 14.74s...............
2023-05-03 08:50:38,403:INFO:Initializing create_model()
2023-05-03 08:50:38,403:INFO:create_model(self=<pycaret.regression.oop.RegressionExperiment object at 0x0000016DB8D7F460>, estimator=et, fold=None, round=4, cross_validation=True, predict=True, fit_kwargs=None, groups=None, refit=True, probability_threshold=None, experiment_custom_tags=None, verbose=True, system=True, add_to_model_list=True, metrics=None, display=None, model_only=True, return_train_score=False, kwargs={})
2023-05-03 08:50:38,404:INFO:Checking exceptions
2023-05-03 08:50:38,424:INFO:Importing libraries
2023-05-03 08:50:38,424:INFO:Copying training dataset
2023-05-03 08:50:38,640:INFO:Defining folds
2023-05-03 08:50:38,640:INFO:Declaring metric variables
2023-05-03 08:50:38,644:INFO:Importing untrained model
2023-05-03 08:50:38,647:INFO:Extra Trees Regressor Imported successfully
2023-05-03 08:50:38,652:INFO:Starting cross validation
2023-05-03 08:50:38,660:INFO:Cross validating with KFold(n_splits=10, random_state=None, shuffle=False), n_jobs=1
2023-05-03 08:54:16,864:INFO:Calculating mean and std
2023-05-03 08:54:16,865:INFO:Creating metrics dataframe
2023-05-03 08:54:16,869:INFO:Finalizing model
2023-05-03 08:54:36,730:INFO:Uploading results into container
2023-05-03 08:54:36,732:INFO:Uploading model into container now
2023-05-03 08:54:36,741:INFO:_master_model_container: 1
2023-05-03 08:54:36,742:INFO:_display_container: 2
2023-05-03 08:54:36,742:INFO:ExtraTreesRegressor(n_jobs=-1, random_state=7512)
2023-05-03 08:54:36,742:INFO:create_model() successfully completed......................................
2023-05-03 08:54:36,873:INFO:Initializing plot_model()
2023-05-03 08:54:36,873:INFO:plot_model(plot=residuals, fold=None, use_train_data=False, verbose=True, display=None, display_format=None, estimator=ExtraTreesRegressor(n_jobs=-1, random_state=7512), feature_name=None, fit_kwargs=None, groups=None, label=False, plot_kwargs=None, save=True, scale=1, self=<pycaret.regression.oop.RegressionExperiment object at 0x0000016DB8D7F460>, system=True)
2023-05-03 08:54:36,873:INFO:Checking exceptions
2023-05-03 08:54:37,018:INFO:Preloading libraries
2023-05-03 08:54:38,670:INFO:Copying training dataset
2023-05-03 08:54:38,671:INFO:Plot type: residuals
2023-05-03 08:54:41,586:INFO:Fitting Model
2023-05-03 08:54:41,587:WARNING:c:\Users\Sherman\Anaconda3\envs\PyCaret\lib\site-packages\sklearn\base.py:439: UserWarning: X does not have valid feature names, but ExtraTreesRegressor was fitted with feature names
  warnings.warn(

2023-05-03 08:54:46,259:INFO:Scoring test/hold-out set
2023-05-03 08:54:48,373:INFO:Saving 'Residuals.png'
2023-05-03 08:55:00,850:INFO:Visual Rendered Successfully
2023-05-03 08:55:00,925:INFO:plot_model() successfully completed......................................
2023-05-03 08:55:01,114:INFO:Initializing plot_model()
2023-05-03 08:55:01,114:INFO:plot_model(plot=error, fold=None, use_train_data=False, verbose=True, display=None, display_format=None, estimator=ExtraTreesRegressor(n_jobs=-1, random_state=7512), feature_name=None, fit_kwargs=None, groups=None, label=False, plot_kwargs=None, save=True, scale=1, self=<pycaret.regression.oop.RegressionExperiment object at 0x0000016DB8D7F460>, system=True)
2023-05-03 08:55:01,114:INFO:Checking exceptions
2023-05-03 08:55:01,248:INFO:Preloading libraries
2023-05-03 08:55:02,887:INFO:Copying training dataset
2023-05-03 08:55:02,887:INFO:Plot type: error
2023-05-03 08:55:03,473:INFO:Fitting Model
2023-05-03 08:55:03,473:WARNING:c:\Users\Sherman\Anaconda3\envs\PyCaret\lib\site-packages\sklearn\base.py:439: UserWarning: X does not have valid feature names, but ExtraTreesRegressor was fitted with feature names
  warnings.warn(

2023-05-03 08:55:03,474:INFO:Scoring test/hold-out set
2023-05-03 08:55:05,441:INFO:Saving 'Prediction Error.png'
2023-05-03 08:55:16,565:INFO:Visual Rendered Successfully
2023-05-03 08:55:16,677:INFO:plot_model() successfully completed......................................
2023-05-03 08:55:16,874:INFO:Initializing plot_model()
2023-05-03 08:55:16,874:INFO:plot_model(plot=feature, fold=None, use_train_data=False, verbose=True, display=None, display_format=None, estimator=ExtraTreesRegressor(n_jobs=-1, random_state=7512), feature_name=None, fit_kwargs=None, groups=None, label=False, plot_kwargs=None, save=True, scale=1, self=<pycaret.regression.oop.RegressionExperiment object at 0x0000016DB8D7F460>, system=True)
2023-05-03 08:55:16,874:INFO:Checking exceptions
2023-05-03 08:55:17,027:INFO:Preloading libraries
2023-05-03 08:55:18,795:INFO:Copying training dataset
2023-05-03 08:55:18,795:INFO:Plot type: feature
2023-05-03 08:55:18,795:WARNING:No coef_ found. Trying feature_importances_
2023-05-03 08:55:19,177:INFO:Saving 'Feature Importance.png'
2023-05-03 08:55:19,328:INFO:Visual Rendered Successfully
2023-05-03 08:55:19,397:INFO:plot_model() successfully completed......................................
2023-05-03 08:55:19,603:INFO:Initializing predict_model()
2023-05-03 08:55:19,603:INFO:predict_model(self=<pycaret.regression.oop.RegressionExperiment object at 0x0000016DB8D7F460>, estimator=ExtraTreesRegressor(n_jobs=-1, random_state=7512), probability_threshold=None, encoded_labels=False, raw_score=False, round=4, verbose=True, ml_usecase=None, preprocess=True, replace_labels_in_column=<function _SupervisedExperiment.predict_model.<locals>.replace_labels_in_column at 0x0000016DB8F3DAF0>)
2023-05-03 08:55:19,604:INFO:Checking exceptions
2023-05-03 08:55:19,604:INFO:Preloading libraries
2023-05-03 08:55:22,270:INFO:Initializing save_model()
2023-05-03 08:55:22,270:INFO:save_model(model=ExtraTreesRegressor(n_jobs=-1, random_state=7512), model_name=exp5_pipeline, prep_pipe_=Pipeline(memory=FastMemory(location=C:\Users\Sherman\AppData\Local\Temp\joblib),
         steps=[('numerical_imputer',
                 TransformerWrapper(include=['Fullness'],
                                    transformer=SimpleImputer())),
                ('categorical_imputer',
                 TransformerWrapper(include=['Station', 'Material', 'Vehicle'],
                                    transformer=SimpleImputer(strategy='most_frequent'))),
                ('ordinal_encoding',
                 TransformerWrap...
                 TransformerWrapper(include=['Material'],
                                    transformer=OneHotEncoder(cols=['Material'],
                                                              handle_missing='return_nan',
                                                              use_cat_names=True))),
                ('rest_encoding',
                 TransformerWrapper(include=['Vehicle'],
                                    transformer=LeaveOneOutEncoder(cols=['Vehicle'],
                                                                   handle_missing='return_nan',
                                                                   random_state=7512))),
                ('normalize',
                 TransformerWrapper(transformer=StandardScaler()))]), verbose=True, use_case=MLUsecase.REGRESSION, kwargs={})
2023-05-03 08:55:22,270:INFO:Adding model into prep_pipe
2023-05-03 08:55:23,542:INFO:exp5_pipeline.pkl saved in current working directory
2023-05-03 08:55:23,569:INFO:Pipeline(memory=FastMemory(location=C:\Users\Sherman\AppData\Local\Temp\joblib),
         steps=[('numerical_imputer',
                 TransformerWrapper(include=['Fullness'],
                                    transformer=SimpleImputer())),
                ('categorical_imputer',
                 TransformerWrapper(include=['Station', 'Material', 'Vehicle'],
                                    transformer=SimpleImputer(strategy='most_frequent'))),
                ('ordinal_encoding',
                 TransformerWrap...
                                    transformer=OneHotEncoder(cols=['Material'],
                                                              handle_missing='return_nan',
                                                              use_cat_names=True))),
                ('rest_encoding',
                 TransformerWrapper(include=['Vehicle'],
                                    transformer=LeaveOneOutEncoder(cols=['Vehicle'],
                                                                   handle_missing='return_nan',
                                                                   random_state=7512))),
                ('normalize', TransformerWrapper(transformer=StandardScaler())),
                ('trained_model',
                 ExtraTreesRegressor(n_jobs=-1, random_state=7512))])
2023-05-03 08:55:23,569:INFO:save_model() successfully completed......................................
