2023-05-08 14:03:03,260:WARNING:
'cuml' is a soft dependency and not included in the pycaret installation. Please run: `pip install cuml` to install.
2023-05-08 14:03:03,261:WARNING:
'cuml' is a soft dependency and not included in the pycaret installation. Please run: `pip install cuml` to install.
2023-05-08 14:03:03,261:WARNING:
'cuml' is a soft dependency and not included in the pycaret installation. Please run: `pip install cuml` to install.
2023-05-08 14:03:03,261:WARNING:
'cuml' is a soft dependency and not included in the pycaret installation. Please run: `pip install cuml` to install.
2023-05-08 14:03:03,819:WARNING:
'prophet' is a soft dependency and not included in the pycaret installation. Please run: `pip install prophet` to install.
2023-05-08 14:03:04,499:INFO:PyCaret RegressionExperiment
2023-05-08 14:03:04,500:INFO:Logging name: reg-default-name
2023-05-08 14:03:04,500:INFO:ML Usecase: MLUsecase.REGRESSION
2023-05-08 14:03:04,500:INFO:version 3.0.0
2023-05-08 14:03:04,500:INFO:Initializing setup()
2023-05-08 14:03:04,500:INFO:self.USI: 47d2
2023-05-08 14:03:04,500:INFO:self._variable_keys: {'data', 'gpu_param', 'gpu_n_jobs_param', 'fold_generator', 'y', 'X_train', 'exp_id', 'memory', 'X', 'logging_param', 'fold_shuffle_param', 'y_train', 'html_param', 'y_test', 'fold_groups_param', 'target_param', 'transform_target_param', 'USI', '_available_plots', 'n_jobs_param', '_ml_usecase', 'log_plots_param', 'idx', 'exp_name_log', 'pipeline', 'X_test', 'seed'}
2023-05-08 14:03:04,500:INFO:Checking environment
2023-05-08 14:03:04,500:INFO:python_version: 3.8.16
2023-05-08 14:03:04,500:INFO:python_build: ('default', 'Mar  2 2023 03:18:16')
2023-05-08 14:03:04,500:INFO:machine: AMD64
2023-05-08 14:03:04,500:INFO:platform: Windows-10-10.0.18363-SP0
2023-05-08 14:03:04,503:INFO:Memory: svmem(total=34087833600, available=21124292608, percent=38.0, used=12963540992, free=21124292608)
2023-05-08 14:03:04,504:INFO:Physical Core: 8
2023-05-08 14:03:04,504:INFO:Logical Core: 16
2023-05-08 14:03:04,504:INFO:Checking libraries
2023-05-08 14:03:04,504:INFO:System:
2023-05-08 14:03:04,504:INFO:    python: 3.8.16 (default, Mar  2 2023, 03:18:16) [MSC v.1916 64 bit (AMD64)]
2023-05-08 14:03:04,504:INFO:executable: c:\Users\Sherman\Anaconda3\envs\PyCaret\python.exe
2023-05-08 14:03:04,504:INFO:   machine: Windows-10-10.0.18363-SP0
2023-05-08 14:03:04,504:INFO:PyCaret required dependencies:
2023-05-08 14:03:04,504:INFO:                 pip: 23.0.1
2023-05-08 14:03:04,504:INFO:          setuptools: 65.6.3
2023-05-08 14:03:04,504:INFO:             pycaret: 3.0.0
2023-05-08 14:03:04,504:INFO:             IPython: 8.12.0
2023-05-08 14:03:04,504:INFO:          ipywidgets: 8.0.6
2023-05-08 14:03:04,504:INFO:                tqdm: 4.65.0
2023-05-08 14:03:04,504:INFO:               numpy: 1.23.5
2023-05-08 14:03:04,504:INFO:              pandas: 1.5.3
2023-05-08 14:03:04,504:INFO:              jinja2: 3.1.2
2023-05-08 14:03:04,504:INFO:               scipy: 1.10.1
2023-05-08 14:03:04,504:INFO:              joblib: 1.2.0
2023-05-08 14:03:04,504:INFO:             sklearn: 1.2.2
2023-05-08 14:03:04,504:INFO:                pyod: 1.0.9
2023-05-08 14:03:04,505:INFO:            imblearn: 0.10.1
2023-05-08 14:03:04,505:INFO:   category_encoders: 2.6.0
2023-05-08 14:03:04,505:INFO:            lightgbm: 3.3.5
2023-05-08 14:03:04,505:INFO:               numba: 0.56.4
2023-05-08 14:03:04,505:INFO:            requests: 2.28.2
2023-05-08 14:03:04,505:INFO:          matplotlib: 3.7.1
2023-05-08 14:03:04,505:INFO:          scikitplot: 0.3.7
2023-05-08 14:03:04,505:INFO:         yellowbrick: 1.5
2023-05-08 14:03:04,505:INFO:              plotly: 5.14.0
2023-05-08 14:03:04,505:INFO:             kaleido: 0.2.1
2023-05-08 14:03:04,505:INFO:         statsmodels: 0.13.5
2023-05-08 14:03:04,505:INFO:              sktime: 0.16.1
2023-05-08 14:03:04,505:INFO:               tbats: 1.1.2
2023-05-08 14:03:04,505:INFO:            pmdarima: 2.0.3
2023-05-08 14:03:04,505:INFO:              psutil: 5.9.4
2023-05-08 14:03:04,505:INFO:PyCaret optional dependencies:
2023-05-08 14:03:04,517:INFO:                shap: Not installed
2023-05-08 14:03:04,517:INFO:           interpret: Not installed
2023-05-08 14:03:04,517:INFO:                umap: Not installed
2023-05-08 14:03:04,517:INFO:    pandas_profiling: Not installed
2023-05-08 14:03:04,517:INFO:  explainerdashboard: Not installed
2023-05-08 14:03:04,517:INFO:             autoviz: Not installed
2023-05-08 14:03:04,517:INFO:           fairlearn: Not installed
2023-05-08 14:03:04,517:INFO:             xgboost: Not installed
2023-05-08 14:03:04,517:INFO:            catboost: Not installed
2023-05-08 14:03:04,517:INFO:              kmodes: Not installed
2023-05-08 14:03:04,517:INFO:             mlxtend: Not installed
2023-05-08 14:03:04,517:INFO:       statsforecast: Not installed
2023-05-08 14:03:04,517:INFO:        tune_sklearn: Not installed
2023-05-08 14:03:04,518:INFO:                 ray: Not installed
2023-05-08 14:03:04,518:INFO:            hyperopt: Not installed
2023-05-08 14:03:04,518:INFO:              optuna: Not installed
2023-05-08 14:03:04,518:INFO:               skopt: Not installed
2023-05-08 14:03:04,518:INFO:              mlflow: Not installed
2023-05-08 14:03:04,518:INFO:              gradio: Not installed
2023-05-08 14:03:04,518:INFO:             fastapi: Not installed
2023-05-08 14:03:04,518:INFO:             uvicorn: Not installed
2023-05-08 14:03:04,518:INFO:              m2cgen: Not installed
2023-05-08 14:03:04,518:INFO:           evidently: Not installed
2023-05-08 14:03:04,518:INFO:               fugue: Not installed
2023-05-08 14:03:04,518:INFO:           streamlit: Not installed
2023-05-08 14:03:04,518:INFO:             prophet: Not installed
2023-05-08 14:03:04,518:INFO:None
2023-05-08 14:03:04,518:INFO:Set up GPU usage.
2023-05-08 14:03:04,518:WARNING:
'cuml' is a soft dependency and not included in the pycaret installation. Please run: `pip install cuml` to install.
2023-05-08 14:03:04,518:WARNING:cuML is outdated or not found. Required version is >=22.10, got 3.0.0
2023-05-08 14:03:04,518:INFO:Set up data.
2023-05-08 14:03:04,743:INFO:Set up train/test split.
2023-05-08 14:03:04,810:INFO:Set up index.
2023-05-08 14:03:04,812:INFO:Set up folding strategy.
2023-05-08 14:03:04,812:INFO:Assigning column types.
2023-05-08 14:03:04,827:INFO:Engine successfully changes for model 'lr' to 'sklearn'.
2023-05-08 14:03:04,827:WARNING:
'cuml' is a soft dependency and not included in the pycaret installation. Please run: `pip install cuml` to install.
2023-05-08 14:03:04,827:INFO:Engine for model 'lasso' has not been set explicitly, hence returning None.
2023-05-08 14:03:04,828:WARNING:
'cuml' is a soft dependency and not included in the pycaret installation. Please run: `pip install cuml` to install.
2023-05-08 14:03:04,832:INFO:Engine for model 'ridge' has not been set explicitly, hence returning None.
2023-05-08 14:03:04,832:WARNING:
'cuml' is a soft dependency and not included in the pycaret installation. Please run: `pip install cuml` to install.
2023-05-08 14:03:04,836:INFO:Engine for model 'en' has not been set explicitly, hence returning None.
2023-05-08 14:03:04,836:WARNING:
'cuml' is a soft dependency and not included in the pycaret installation. Please run: `pip install cuml` to install.
2023-05-08 14:03:05,005:INFO:Engine for model 'svm' has not been set explicitly, hence returning None.
2023-05-08 14:03:05,005:WARNING:
'cuml' is a soft dependency and not included in the pycaret installation. Please run: `pip install cuml` to install.
2023-05-08 14:03:05,045:INFO:Engine for model 'knn' has not been set explicitly, hence returning None.
2023-05-08 14:03:05,046:WARNING:
'cuml' is a soft dependency and not included in the pycaret installation. Please run: `pip install cuml` to install.
2023-05-08 14:03:05,046:WARNING:
'cuml' is a soft dependency and not included in the pycaret installation. Please run: `pip install cuml` to install.
2023-05-08 14:03:05,046:WARNING:
'xgboost' is a soft dependency and not included in the pycaret installation. Please run: `pip install xgboost` to install.
Alternately, you can install this by running `pip install pycaret[models]`
2023-05-08 14:03:05,867:WARNING:
'catboost' is a soft dependency and not included in the pycaret installation. Please run: `pip install catboost` to install.
Alternately, you can install this by running `pip install pycaret[models]`
2023-05-08 14:03:05,868:WARNING:
'cuml' is a soft dependency and not included in the pycaret installation. Please run: `pip install cuml` to install.
2023-05-08 14:03:05,868:INFO:Engine for model 'lasso' has not been set explicitly, hence returning None.
2023-05-08 14:03:05,868:WARNING:
'cuml' is a soft dependency and not included in the pycaret installation. Please run: `pip install cuml` to install.
2023-05-08 14:03:05,876:INFO:Engine for model 'ridge' has not been set explicitly, hence returning None.
2023-05-08 14:03:05,876:WARNING:
'cuml' is a soft dependency and not included in the pycaret installation. Please run: `pip install cuml` to install.
2023-05-08 14:03:05,883:INFO:Engine for model 'en' has not been set explicitly, hence returning None.
2023-05-08 14:03:05,883:WARNING:
'cuml' is a soft dependency and not included in the pycaret installation. Please run: `pip install cuml` to install.
2023-05-08 14:03:06,084:INFO:Engine for model 'svm' has not been set explicitly, hence returning None.
2023-05-08 14:03:06,084:WARNING:
'cuml' is a soft dependency and not included in the pycaret installation. Please run: `pip install cuml` to install.
2023-05-08 14:03:06,127:INFO:Engine for model 'knn' has not been set explicitly, hence returning None.
2023-05-08 14:03:06,127:WARNING:
'cuml' is a soft dependency and not included in the pycaret installation. Please run: `pip install cuml` to install.
2023-05-08 14:03:06,127:WARNING:
'cuml' is a soft dependency and not included in the pycaret installation. Please run: `pip install cuml` to install.
2023-05-08 14:03:06,128:WARNING:
'xgboost' is a soft dependency and not included in the pycaret installation. Please run: `pip install xgboost` to install.
Alternately, you can install this by running `pip install pycaret[models]`
2023-05-08 14:03:06,242:WARNING:
'catboost' is a soft dependency and not included in the pycaret installation. Please run: `pip install catboost` to install.
Alternately, you can install this by running `pip install pycaret[models]`
2023-05-08 14:03:06,243:INFO:Engine successfully changes for model 'lasso' to 'sklearn'.
2023-05-08 14:03:06,243:WARNING:
'cuml' is a soft dependency and not included in the pycaret installation. Please run: `pip install cuml` to install.
2023-05-08 14:03:06,243:WARNING:
'cuml' is a soft dependency and not included in the pycaret installation. Please run: `pip install cuml` to install.
2023-05-08 14:03:06,250:INFO:Engine for model 'ridge' has not been set explicitly, hence returning None.
2023-05-08 14:03:06,250:WARNING:
'cuml' is a soft dependency and not included in the pycaret installation. Please run: `pip install cuml` to install.
2023-05-08 14:03:06,257:INFO:Engine for model 'en' has not been set explicitly, hence returning None.
2023-05-08 14:03:06,258:WARNING:
'cuml' is a soft dependency and not included in the pycaret installation. Please run: `pip install cuml` to install.
2023-05-08 14:03:06,447:INFO:Engine for model 'svm' has not been set explicitly, hence returning None.
2023-05-08 14:03:06,447:WARNING:
'cuml' is a soft dependency and not included in the pycaret installation. Please run: `pip install cuml` to install.
2023-05-08 14:03:06,491:INFO:Engine for model 'knn' has not been set explicitly, hence returning None.
2023-05-08 14:03:06,491:WARNING:
'cuml' is a soft dependency and not included in the pycaret installation. Please run: `pip install cuml` to install.
2023-05-08 14:03:06,491:WARNING:
'cuml' is a soft dependency and not included in the pycaret installation. Please run: `pip install cuml` to install.
2023-05-08 14:03:06,492:WARNING:
'xgboost' is a soft dependency and not included in the pycaret installation. Please run: `pip install xgboost` to install.
Alternately, you can install this by running `pip install pycaret[models]`
2023-05-08 14:03:06,608:WARNING:
'catboost' is a soft dependency and not included in the pycaret installation. Please run: `pip install catboost` to install.
Alternately, you can install this by running `pip install pycaret[models]`
2023-05-08 14:03:06,610:WARNING:
'cuml' is a soft dependency and not included in the pycaret installation. Please run: `pip install cuml` to install.
2023-05-08 14:03:06,610:WARNING:
'cuml' is a soft dependency and not included in the pycaret installation. Please run: `pip install cuml` to install.
2023-05-08 14:03:06,617:INFO:Engine for model 'ridge' has not been set explicitly, hence returning None.
2023-05-08 14:03:06,617:WARNING:
'cuml' is a soft dependency and not included in the pycaret installation. Please run: `pip install cuml` to install.
2023-05-08 14:03:06,625:INFO:Engine for model 'en' has not been set explicitly, hence returning None.
2023-05-08 14:03:06,625:WARNING:
'cuml' is a soft dependency and not included in the pycaret installation. Please run: `pip install cuml` to install.
2023-05-08 14:03:06,826:INFO:Engine for model 'svm' has not been set explicitly, hence returning None.
2023-05-08 14:03:06,826:WARNING:
'cuml' is a soft dependency and not included in the pycaret installation. Please run: `pip install cuml` to install.
2023-05-08 14:03:06,870:INFO:Engine for model 'knn' has not been set explicitly, hence returning None.
2023-05-08 14:03:06,871:WARNING:
'cuml' is a soft dependency and not included in the pycaret installation. Please run: `pip install cuml` to install.
2023-05-08 14:03:06,871:WARNING:
'cuml' is a soft dependency and not included in the pycaret installation. Please run: `pip install cuml` to install.
2023-05-08 14:03:06,871:WARNING:
'xgboost' is a soft dependency and not included in the pycaret installation. Please run: `pip install xgboost` to install.
Alternately, you can install this by running `pip install pycaret[models]`
2023-05-08 14:03:06,993:WARNING:
'catboost' is a soft dependency and not included in the pycaret installation. Please run: `pip install catboost` to install.
Alternately, you can install this by running `pip install pycaret[models]`
2023-05-08 14:03:06,994:INFO:Engine successfully changes for model 'ridge' to 'sklearn'.
2023-05-08 14:03:06,994:WARNING:
'cuml' is a soft dependency and not included in the pycaret installation. Please run: `pip install cuml` to install.
2023-05-08 14:03:06,994:WARNING:
'cuml' is a soft dependency and not included in the pycaret installation. Please run: `pip install cuml` to install.
2023-05-08 14:03:07,002:WARNING:
'cuml' is a soft dependency and not included in the pycaret installation. Please run: `pip install cuml` to install.
2023-05-08 14:03:07,009:INFO:Engine for model 'en' has not been set explicitly, hence returning None.
2023-05-08 14:03:07,009:WARNING:
'cuml' is a soft dependency and not included in the pycaret installation. Please run: `pip install cuml` to install.
2023-05-08 14:03:07,202:INFO:Engine for model 'svm' has not been set explicitly, hence returning None.
2023-05-08 14:03:07,202:WARNING:
'cuml' is a soft dependency and not included in the pycaret installation. Please run: `pip install cuml` to install.
2023-05-08 14:03:07,246:INFO:Engine for model 'knn' has not been set explicitly, hence returning None.
2023-05-08 14:03:07,246:WARNING:
'cuml' is a soft dependency and not included in the pycaret installation. Please run: `pip install cuml` to install.
2023-05-08 14:03:07,246:WARNING:
'cuml' is a soft dependency and not included in the pycaret installation. Please run: `pip install cuml` to install.
2023-05-08 14:03:07,247:WARNING:
'xgboost' is a soft dependency and not included in the pycaret installation. Please run: `pip install xgboost` to install.
Alternately, you can install this by running `pip install pycaret[models]`
2023-05-08 14:03:07,362:WARNING:
'catboost' is a soft dependency and not included in the pycaret installation. Please run: `pip install catboost` to install.
Alternately, you can install this by running `pip install pycaret[models]`
2023-05-08 14:03:07,363:WARNING:
'cuml' is a soft dependency and not included in the pycaret installation. Please run: `pip install cuml` to install.
2023-05-08 14:03:07,363:WARNING:
'cuml' is a soft dependency and not included in the pycaret installation. Please run: `pip install cuml` to install.
2023-05-08 14:03:07,370:WARNING:
'cuml' is a soft dependency and not included in the pycaret installation. Please run: `pip install cuml` to install.
2023-05-08 14:03:07,377:INFO:Engine for model 'en' has not been set explicitly, hence returning None.
2023-05-08 14:03:07,377:WARNING:
'cuml' is a soft dependency and not included in the pycaret installation. Please run: `pip install cuml` to install.
2023-05-08 14:03:07,572:INFO:Engine for model 'svm' has not been set explicitly, hence returning None.
2023-05-08 14:03:07,572:WARNING:
'cuml' is a soft dependency and not included in the pycaret installation. Please run: `pip install cuml` to install.
2023-05-08 14:03:07,615:INFO:Engine for model 'knn' has not been set explicitly, hence returning None.
2023-05-08 14:03:07,615:WARNING:
'cuml' is a soft dependency and not included in the pycaret installation. Please run: `pip install cuml` to install.
2023-05-08 14:03:07,615:WARNING:
'cuml' is a soft dependency and not included in the pycaret installation. Please run: `pip install cuml` to install.
2023-05-08 14:03:07,615:WARNING:
'xgboost' is a soft dependency and not included in the pycaret installation. Please run: `pip install xgboost` to install.
Alternately, you can install this by running `pip install pycaret[models]`
2023-05-08 14:03:07,728:WARNING:
'catboost' is a soft dependency and not included in the pycaret installation. Please run: `pip install catboost` to install.
Alternately, you can install this by running `pip install pycaret[models]`
2023-05-08 14:03:07,728:INFO:Engine successfully changes for model 'en' to 'sklearn'.
2023-05-08 14:03:07,728:WARNING:
'cuml' is a soft dependency and not included in the pycaret installation. Please run: `pip install cuml` to install.
2023-05-08 14:03:07,729:WARNING:
'cuml' is a soft dependency and not included in the pycaret installation. Please run: `pip install cuml` to install.
2023-05-08 14:03:07,736:WARNING:
'cuml' is a soft dependency and not included in the pycaret installation. Please run: `pip install cuml` to install.
2023-05-08 14:03:07,744:WARNING:
'cuml' is a soft dependency and not included in the pycaret installation. Please run: `pip install cuml` to install.
2023-05-08 14:03:07,960:INFO:Engine for model 'svm' has not been set explicitly, hence returning None.
2023-05-08 14:03:07,960:WARNING:
'cuml' is a soft dependency and not included in the pycaret installation. Please run: `pip install cuml` to install.
2023-05-08 14:03:08,005:INFO:Engine for model 'knn' has not been set explicitly, hence returning None.
2023-05-08 14:03:08,005:WARNING:
'cuml' is a soft dependency and not included in the pycaret installation. Please run: `pip install cuml` to install.
2023-05-08 14:03:08,005:WARNING:
'cuml' is a soft dependency and not included in the pycaret installation. Please run: `pip install cuml` to install.
2023-05-08 14:03:08,006:WARNING:
'xgboost' is a soft dependency and not included in the pycaret installation. Please run: `pip install xgboost` to install.
Alternately, you can install this by running `pip install pycaret[models]`
2023-05-08 14:03:08,124:WARNING:
'catboost' is a soft dependency and not included in the pycaret installation. Please run: `pip install catboost` to install.
Alternately, you can install this by running `pip install pycaret[models]`
2023-05-08 14:03:08,125:WARNING:
'cuml' is a soft dependency and not included in the pycaret installation. Please run: `pip install cuml` to install.
2023-05-08 14:03:08,125:WARNING:
'cuml' is a soft dependency and not included in the pycaret installation. Please run: `pip install cuml` to install.
2023-05-08 14:03:08,133:WARNING:
'cuml' is a soft dependency and not included in the pycaret installation. Please run: `pip install cuml` to install.
2023-05-08 14:03:08,140:WARNING:
'cuml' is a soft dependency and not included in the pycaret installation. Please run: `pip install cuml` to install.
2023-05-08 14:03:08,333:INFO:Engine for model 'svm' has not been set explicitly, hence returning None.
2023-05-08 14:03:08,333:WARNING:
'cuml' is a soft dependency and not included in the pycaret installation. Please run: `pip install cuml` to install.
2023-05-08 14:03:08,381:INFO:Engine for model 'knn' has not been set explicitly, hence returning None.
2023-05-08 14:03:08,381:WARNING:
'cuml' is a soft dependency and not included in the pycaret installation. Please run: `pip install cuml` to install.
2023-05-08 14:03:08,382:WARNING:
'cuml' is a soft dependency and not included in the pycaret installation. Please run: `pip install cuml` to install.
2023-05-08 14:03:08,382:WARNING:
'xgboost' is a soft dependency and not included in the pycaret installation. Please run: `pip install xgboost` to install.
Alternately, you can install this by running `pip install pycaret[models]`
2023-05-08 14:03:08,512:WARNING:
'catboost' is a soft dependency and not included in the pycaret installation. Please run: `pip install catboost` to install.
Alternately, you can install this by running `pip install pycaret[models]`
2023-05-08 14:03:08,513:INFO:Engine successfully changes for model 'knn' to 'sklearn'.
2023-05-08 14:03:08,513:WARNING:
'cuml' is a soft dependency and not included in the pycaret installation. Please run: `pip install cuml` to install.
2023-05-08 14:03:08,513:WARNING:
'cuml' is a soft dependency and not included in the pycaret installation. Please run: `pip install cuml` to install.
2023-05-08 14:03:08,521:WARNING:
'cuml' is a soft dependency and not included in the pycaret installation. Please run: `pip install cuml` to install.
2023-05-08 14:03:08,528:WARNING:
'cuml' is a soft dependency and not included in the pycaret installation. Please run: `pip install cuml` to install.
2023-05-08 14:03:08,718:INFO:Engine for model 'svm' has not been set explicitly, hence returning None.
2023-05-08 14:03:08,718:WARNING:
'cuml' is a soft dependency and not included in the pycaret installation. Please run: `pip install cuml` to install.
2023-05-08 14:03:08,763:WARNING:
'cuml' is a soft dependency and not included in the pycaret installation. Please run: `pip install cuml` to install.
2023-05-08 14:03:08,763:WARNING:
'cuml' is a soft dependency and not included in the pycaret installation. Please run: `pip install cuml` to install.
2023-05-08 14:03:08,764:WARNING:
'xgboost' is a soft dependency and not included in the pycaret installation. Please run: `pip install xgboost` to install.
Alternately, you can install this by running `pip install pycaret[models]`
2023-05-08 14:03:08,882:WARNING:
'catboost' is a soft dependency and not included in the pycaret installation. Please run: `pip install catboost` to install.
Alternately, you can install this by running `pip install pycaret[models]`
2023-05-08 14:03:08,883:WARNING:
'cuml' is a soft dependency and not included in the pycaret installation. Please run: `pip install cuml` to install.
2023-05-08 14:03:08,883:WARNING:
'cuml' is a soft dependency and not included in the pycaret installation. Please run: `pip install cuml` to install.
2023-05-08 14:03:08,890:WARNING:
'cuml' is a soft dependency and not included in the pycaret installation. Please run: `pip install cuml` to install.
2023-05-08 14:03:08,898:WARNING:
'cuml' is a soft dependency and not included in the pycaret installation. Please run: `pip install cuml` to install.
2023-05-08 14:03:09,105:INFO:Engine for model 'svm' has not been set explicitly, hence returning None.
2023-05-08 14:03:09,105:WARNING:
'cuml' is a soft dependency and not included in the pycaret installation. Please run: `pip install cuml` to install.
2023-05-08 14:03:09,150:WARNING:
'cuml' is a soft dependency and not included in the pycaret installation. Please run: `pip install cuml` to install.
2023-05-08 14:03:09,150:WARNING:
'cuml' is a soft dependency and not included in the pycaret installation. Please run: `pip install cuml` to install.
2023-05-08 14:03:09,150:WARNING:
'xgboost' is a soft dependency and not included in the pycaret installation. Please run: `pip install xgboost` to install.
Alternately, you can install this by running `pip install pycaret[models]`
2023-05-08 14:03:09,264:WARNING:
'catboost' is a soft dependency and not included in the pycaret installation. Please run: `pip install catboost` to install.
Alternately, you can install this by running `pip install pycaret[models]`
2023-05-08 14:03:09,265:INFO:Engine successfully changes for model 'svm' to 'sklearn'.
2023-05-08 14:03:09,265:WARNING:
'cuml' is a soft dependency and not included in the pycaret installation. Please run: `pip install cuml` to install.
2023-05-08 14:03:09,265:WARNING:
'cuml' is a soft dependency and not included in the pycaret installation. Please run: `pip install cuml` to install.
2023-05-08 14:03:09,272:WARNING:
'cuml' is a soft dependency and not included in the pycaret installation. Please run: `pip install cuml` to install.
2023-05-08 14:03:09,280:WARNING:
'cuml' is a soft dependency and not included in the pycaret installation. Please run: `pip install cuml` to install.
2023-05-08 14:03:09,477:WARNING:
'cuml' is a soft dependency and not included in the pycaret installation. Please run: `pip install cuml` to install.
2023-05-08 14:03:09,522:WARNING:
'cuml' is a soft dependency and not included in the pycaret installation. Please run: `pip install cuml` to install.
2023-05-08 14:03:09,522:WARNING:
'cuml' is a soft dependency and not included in the pycaret installation. Please run: `pip install cuml` to install.
2023-05-08 14:03:09,523:WARNING:
'xgboost' is a soft dependency and not included in the pycaret installation. Please run: `pip install xgboost` to install.
Alternately, you can install this by running `pip install pycaret[models]`
2023-05-08 14:03:09,636:WARNING:
'catboost' is a soft dependency and not included in the pycaret installation. Please run: `pip install catboost` to install.
Alternately, you can install this by running `pip install pycaret[models]`
2023-05-08 14:03:09,637:WARNING:
'cuml' is a soft dependency and not included in the pycaret installation. Please run: `pip install cuml` to install.
2023-05-08 14:03:09,637:WARNING:
'cuml' is a soft dependency and not included in the pycaret installation. Please run: `pip install cuml` to install.
2023-05-08 14:03:09,644:WARNING:
'cuml' is a soft dependency and not included in the pycaret installation. Please run: `pip install cuml` to install.
2023-05-08 14:03:09,651:WARNING:
'cuml' is a soft dependency and not included in the pycaret installation. Please run: `pip install cuml` to install.
2023-05-08 14:03:09,847:WARNING:
'cuml' is a soft dependency and not included in the pycaret installation. Please run: `pip install cuml` to install.
2023-05-08 14:03:09,893:WARNING:
'cuml' is a soft dependency and not included in the pycaret installation. Please run: `pip install cuml` to install.
2023-05-08 14:03:09,893:WARNING:
'cuml' is a soft dependency and not included in the pycaret installation. Please run: `pip install cuml` to install.
2023-05-08 14:03:09,893:WARNING:
'xgboost' is a soft dependency and not included in the pycaret installation. Please run: `pip install xgboost` to install.
Alternately, you can install this by running `pip install pycaret[models]`
2023-05-08 14:03:10,017:WARNING:
'catboost' is a soft dependency and not included in the pycaret installation. Please run: `pip install catboost` to install.
Alternately, you can install this by running `pip install pycaret[models]`
2023-05-08 14:03:10,020:INFO:Preparing preprocessing pipeline...
2023-05-08 14:03:10,020:INFO:Set up simple imputation.
2023-05-08 14:03:10,132:INFO:Set up encoding of ordinal features.
2023-05-08 14:03:10,145:INFO:Set up encoding of categorical features.
2023-05-08 14:03:10,145:INFO:Set up feature normalization.
2023-05-08 14:03:14,786:INFO:Finished creating preprocessing pipeline.
2023-05-08 14:03:14,809:INFO:Pipeline: Pipeline(memory=FastMemory(location=C:\Users\Sherman\AppData\Local\Temp\joblib),
         steps=[('numerical_imputer',
                 TransformerWrapper(include=['Fullness'],
                                    transformer=SimpleImputer())),
                ('categorical_imputer',
                 TransformerWrapper(include=['Station', 'Material', 'Vehicle'],
                                    transformer=SimpleImputer(strategy='most_frequent'))),
                ('ordinal_encoding',
                 TransformerWrap...
                                                               handle_missing='return_nan',
                                                               mapping=[{'col': 'Station',
                                                                         'data_type': dtype('O'),
                                                                         'mapping': Metro Central    0
Metro South      1
NaN             -1
dtype: int64}]))),
                ('onehot_encoding',
                 TransformerWrapper(include=['Material', 'Vehicle'],
                                    transformer=OneHotEncoder(cols=['Material',
                                                                    'Vehicle'],
                                                              handle_missing='return_nan',
                                                              use_cat_names=True))),
                ('normalize',
                 TransformerWrapper(transformer=StandardScaler()))])
2023-05-08 14:03:14,809:INFO:Creating final display dataframe.
2023-05-08 14:03:18,318:INFO:Setup _display_container:                     Description             Value
0                    Session id              7512
1                        Target              Tons
2                   Target type        Regression
3           Original data shape       (923207, 5)
4        Transformed data shape      (923207, 31)
5   Transformed train set shape      (646244, 31)
6    Transformed test set shape      (276963, 31)
7              Ordinal features                 1
8              Numeric features                 1
9          Categorical features                 3
10                   Preprocess              True
11              Imputation type            simple
12           Numeric imputation              mean
13       Categorical imputation              mode
14     Maximum one-hot encoding                25
15              Encoding method              None
16                    Normalize              True
17             Normalize method            zscore
18               Fold Generator             KFold
19                  Fold Number                10
20                     CPU Jobs                -1
21                      Use GPU              True
22               Log Experiment             False
23              Experiment Name  reg-default-name
24                          USI              47d2
2023-05-08 14:03:18,327:WARNING:
'cuml' is a soft dependency and not included in the pycaret installation. Please run: `pip install cuml` to install.
2023-05-08 14:03:18,327:WARNING:
'cuml' is a soft dependency and not included in the pycaret installation. Please run: `pip install cuml` to install.
2023-05-08 14:03:18,331:WARNING:
'cuml' is a soft dependency and not included in the pycaret installation. Please run: `pip install cuml` to install.
2023-05-08 14:03:18,336:WARNING:
'cuml' is a soft dependency and not included in the pycaret installation. Please run: `pip install cuml` to install.
2023-05-08 14:03:18,492:WARNING:
'cuml' is a soft dependency and not included in the pycaret installation. Please run: `pip install cuml` to install.
2023-05-08 14:03:18,535:WARNING:
'cuml' is a soft dependency and not included in the pycaret installation. Please run: `pip install cuml` to install.
2023-05-08 14:03:18,535:WARNING:
'cuml' is a soft dependency and not included in the pycaret installation. Please run: `pip install cuml` to install.
2023-05-08 14:03:18,535:WARNING:
'xgboost' is a soft dependency and not included in the pycaret installation. Please run: `pip install xgboost` to install.
Alternately, you can install this by running `pip install pycaret[models]`
2023-05-08 14:03:18,669:WARNING:
'catboost' is a soft dependency and not included in the pycaret installation. Please run: `pip install catboost` to install.
Alternately, you can install this by running `pip install pycaret[models]`
2023-05-08 14:03:18,670:WARNING:
'cuml' is a soft dependency and not included in the pycaret installation. Please run: `pip install cuml` to install.
2023-05-08 14:03:18,670:WARNING:
'cuml' is a soft dependency and not included in the pycaret installation. Please run: `pip install cuml` to install.
2023-05-08 14:03:18,677:WARNING:
'cuml' is a soft dependency and not included in the pycaret installation. Please run: `pip install cuml` to install.
2023-05-08 14:03:18,684:WARNING:
'cuml' is a soft dependency and not included in the pycaret installation. Please run: `pip install cuml` to install.
2023-05-08 14:03:18,885:WARNING:
'cuml' is a soft dependency and not included in the pycaret installation. Please run: `pip install cuml` to install.
2023-05-08 14:03:18,930:WARNING:
'cuml' is a soft dependency and not included in the pycaret installation. Please run: `pip install cuml` to install.
2023-05-08 14:03:18,931:WARNING:
'cuml' is a soft dependency and not included in the pycaret installation. Please run: `pip install cuml` to install.
2023-05-08 14:03:18,931:WARNING:
'xgboost' is a soft dependency and not included in the pycaret installation. Please run: `pip install xgboost` to install.
Alternately, you can install this by running `pip install pycaret[models]`
2023-05-08 14:03:19,052:WARNING:
'catboost' is a soft dependency and not included in the pycaret installation. Please run: `pip install catboost` to install.
Alternately, you can install this by running `pip install pycaret[models]`
2023-05-08 14:03:19,053:INFO:setup() successfully completed in 14.57s...............
2023-05-08 14:03:19,131:INFO:Initializing create_model()
2023-05-08 14:03:19,131:INFO:create_model(self=<pycaret.regression.oop.RegressionExperiment object at 0x000002122A18A340>, estimator=et, fold=None, round=4, cross_validation=True, predict=True, fit_kwargs=None, groups=None, refit=True, probability_threshold=None, experiment_custom_tags=None, verbose=True, system=True, add_to_model_list=True, metrics=None, display=None, model_only=True, return_train_score=False, kwargs={})
2023-05-08 14:03:19,132:INFO:Checking exceptions
2023-05-08 14:03:19,154:INFO:Importing libraries
2023-05-08 14:03:19,155:INFO:Copying training dataset
2023-05-08 14:03:19,346:INFO:Defining folds
2023-05-08 14:03:19,346:INFO:Declaring metric variables
2023-05-08 14:03:19,350:INFO:Importing untrained model
2023-05-08 14:03:19,353:INFO:Extra Trees Regressor Imported successfully
2023-05-08 14:03:19,359:INFO:Starting cross validation
2023-05-08 14:03:19,364:INFO:Cross validating with KFold(n_splits=10, random_state=None, shuffle=False), n_jobs=1
2023-05-08 14:13:14,643:INFO:Calculating mean and std
2023-05-08 14:13:14,644:INFO:Creating metrics dataframe
2023-05-08 14:13:14,649:INFO:Finalizing model
2023-05-08 14:14:18,228:INFO:Uploading results into container
2023-05-08 14:14:18,229:INFO:Uploading model into container now
2023-05-08 14:14:18,237:INFO:_master_model_container: 1
2023-05-08 14:14:18,237:INFO:_display_container: 2
2023-05-08 14:14:18,238:INFO:ExtraTreesRegressor(n_jobs=-1, random_state=7512)
2023-05-08 14:14:18,238:INFO:create_model() successfully completed......................................
2023-05-08 14:14:18,344:INFO:Initializing plot_model()
2023-05-08 14:14:18,344:INFO:plot_model(plot=residuals, fold=None, use_train_data=False, verbose=True, display=None, display_format=None, estimator=ExtraTreesRegressor(n_jobs=-1, random_state=7512), feature_name=None, fit_kwargs=None, groups=None, label=False, plot_kwargs=None, save=True, scale=1, self=<pycaret.regression.oop.RegressionExperiment object at 0x000002122A18A340>, system=True)
2023-05-08 14:14:18,344:INFO:Checking exceptions
2023-05-08 14:14:18,419:INFO:Preloading libraries
2023-05-08 14:14:18,488:INFO:Copying training dataset
2023-05-08 14:14:18,489:INFO:Plot type: residuals
2023-05-08 14:14:19,451:INFO:Fitting Model
2023-05-08 14:14:19,452:WARNING:c:\Users\Sherman\Anaconda3\envs\PyCaret\lib\site-packages\sklearn\base.py:439: UserWarning: X does not have valid feature names, but ExtraTreesRegressor was fitted with feature names
  warnings.warn(

2023-05-08 14:14:21,651:INFO:Scoring test/hold-out set
2023-05-08 14:14:22,704:INFO:Saving 'Residuals.png'
2023-05-08 14:14:35,039:INFO:Visual Rendered Successfully
2023-05-08 14:14:35,122:INFO:plot_model() successfully completed......................................
2023-05-08 14:14:35,179:INFO:Initializing plot_model()
2023-05-08 14:14:35,179:INFO:plot_model(plot=error, fold=None, use_train_data=False, verbose=True, display=None, display_format=None, estimator=ExtraTreesRegressor(n_jobs=-1, random_state=7512), feature_name=None, fit_kwargs=None, groups=None, label=False, plot_kwargs=None, save=True, scale=1, self=<pycaret.regression.oop.RegressionExperiment object at 0x000002122A18A340>, system=True)
2023-05-08 14:14:35,179:INFO:Checking exceptions
2023-05-08 14:14:35,272:INFO:Preloading libraries
2023-05-08 14:14:35,345:INFO:Copying training dataset
2023-05-08 14:14:35,345:INFO:Plot type: error
2023-05-08 14:14:36,222:INFO:Fitting Model
2023-05-08 14:14:36,222:WARNING:c:\Users\Sherman\Anaconda3\envs\PyCaret\lib\site-packages\sklearn\base.py:439: UserWarning: X does not have valid feature names, but ExtraTreesRegressor was fitted with feature names
  warnings.warn(

2023-05-08 14:14:36,222:INFO:Scoring test/hold-out set
2023-05-08 14:14:37,103:INFO:Saving 'Prediction Error.png'
2023-05-08 14:14:40,804:INFO:Visual Rendered Successfully
2023-05-08 14:14:40,882:INFO:plot_model() successfully completed......................................
2023-05-08 14:14:40,922:INFO:Initializing plot_model()
2023-05-08 14:14:40,923:INFO:plot_model(plot=feature, fold=None, use_train_data=False, verbose=True, display=None, display_format=None, estimator=ExtraTreesRegressor(n_jobs=-1, random_state=7512), feature_name=None, fit_kwargs=None, groups=None, label=False, plot_kwargs=None, save=True, scale=1, self=<pycaret.regression.oop.RegressionExperiment object at 0x000002122A18A340>, system=True)
2023-05-08 14:14:40,923:INFO:Checking exceptions
2023-05-08 14:14:40,997:INFO:Preloading libraries
2023-05-08 14:14:41,069:INFO:Copying training dataset
2023-05-08 14:14:41,070:INFO:Plot type: feature
2023-05-08 14:14:41,070:WARNING:No coef_ found. Trying feature_importances_
2023-05-08 14:14:41,470:INFO:Saving 'Feature Importance.png'
2023-05-08 14:14:41,633:INFO:Visual Rendered Successfully
2023-05-08 14:14:41,696:INFO:plot_model() successfully completed......................................
2023-05-08 14:14:41,736:INFO:Initializing predict_model()
2023-05-08 14:14:41,736:INFO:predict_model(self=<pycaret.regression.oop.RegressionExperiment object at 0x000002122A18A340>, estimator=ExtraTreesRegressor(n_jobs=-1, random_state=7512), probability_threshold=None, encoded_labels=False, raw_score=False, round=4, verbose=True, ml_usecase=None, preprocess=True, replace_labels_in_column=<function _SupervisedExperiment.predict_model.<locals>.replace_labels_in_column at 0x000002122C031EE0>)
2023-05-08 14:14:41,736:INFO:Checking exceptions
2023-05-08 14:14:41,737:INFO:Preloading libraries
2023-05-08 14:14:43,668:INFO:Initializing save_model()
2023-05-08 14:14:43,668:INFO:save_model(model=ExtraTreesRegressor(n_jobs=-1, random_state=7512), model_name=exp5_pipeline, prep_pipe_=Pipeline(memory=FastMemory(location=C:\Users\Sherman\AppData\Local\Temp\joblib),
         steps=[('numerical_imputer',
                 TransformerWrapper(include=['Fullness'],
                                    transformer=SimpleImputer())),
                ('categorical_imputer',
                 TransformerWrapper(include=['Station', 'Material', 'Vehicle'],
                                    transformer=SimpleImputer(strategy='most_frequent'))),
                ('ordinal_encoding',
                 TransformerWrap...
                                                               handle_missing='return_nan',
                                                               mapping=[{'col': 'Station',
                                                                         'data_type': dtype('O'),
                                                                         'mapping': Metro Central    0
Metro South      1
NaN             -1
dtype: int64}]))),
                ('onehot_encoding',
                 TransformerWrapper(include=['Material', 'Vehicle'],
                                    transformer=OneHotEncoder(cols=['Material',
                                                                    'Vehicle'],
                                                              handle_missing='return_nan',
                                                              use_cat_names=True))),
                ('normalize',
                 TransformerWrapper(transformer=StandardScaler()))]), verbose=True, use_case=MLUsecase.REGRESSION, kwargs={})
2023-05-08 14:14:43,668:INFO:Adding model into prep_pipe
2023-05-08 14:14:43,733:INFO:exp5_pipeline.pkl saved in current working directory
2023-05-08 14:14:43,757:INFO:Pipeline(memory=FastMemory(location=C:\Users\Sherman\AppData\Local\Temp\joblib),
         steps=[('numerical_imputer',
                 TransformerWrapper(include=['Fullness'],
                                    transformer=SimpleImputer())),
                ('categorical_imputer',
                 TransformerWrapper(include=['Station', 'Material', 'Vehicle'],
                                    transformer=SimpleImputer(strategy='most_frequent'))),
                ('ordinal_encoding',
                 TransformerWrap...
                                                                         'mapping': Metro Central    0
Metro South      1
NaN             -1
dtype: int64}]))),
                ('onehot_encoding',
                 TransformerWrapper(include=['Material', 'Vehicle'],
                                    transformer=OneHotEncoder(cols=['Material',
                                                                    'Vehicle'],
                                                              handle_missing='return_nan',
                                                              use_cat_names=True))),
                ('normalize', TransformerWrapper(transformer=StandardScaler())),
                ('trained_model',
                 ExtraTreesRegressor(n_jobs=-1, random_state=7512))])
2023-05-08 14:14:43,757:INFO:save_model() successfully completed......................................
